<?xml version="1.0" encoding="UTF-8"?>
<!-- Generated by org.testng.reporters.JUnitReportReporter -->
<testsuite hostname="Praveen" failures="0" tests="1" name="Appium.Appium_Assignment.e_CommerceE2E" time="57.557" errors="0" timestamp="2025-04-18T12:48:18 IST" skipped="0">
  <testcase classname="Appium.Appium_Assignment.e_CommerceE2E" name="AppiumTest" time="57.557"/>
</testsuite> <!-- Appium.Appium_Assignment.e_CommerceE2E -->
