<?xml version="1.0" encoding="UTF-8"?>
<!-- Generated by org.testng.reporters.JUnitReportReporter -->
<testsuite hostname="Praveen" failures="0" tests="1" name="Appium.Appium_Assignment.e_CommerceE2E" time="50.362" errors="0" timestamp="2025-04-19T14:07:16 IST" skipped="0">
  <testcase classname="Appium.Appium_Assignment.e_CommerceE2E" name="AppiumTest" time="50.362"/>
</testsuite> <!-- Appium.Appium_Assignment.e_CommerceE2E -->
