<?xml version="1.0" encoding="UTF-8"?>
<!-- Generated by org.testng.reporters.JUnitReportReporter -->
<testsuite hostname="Praveen" failures="0" tests="1" name="Appium.Appium_Assignment.StandaloneTEst" time="47.529" errors="0" timestamp="2025-04-18T12:32:40 IST" skipped="0">
  <testcase classname="Appium.Appium_Assignment.StandaloneTEst" name="AppiumTest" time="47.529"/>
</testsuite> <!-- Appium.Appium_Assignment.StandaloneTEst -->
